<?xml version="1.0" encoding="UTF-8"?>
<!-- Generated by org.testng.reporters.JUnitReportReporter -->
<testsuite name="Com.OpenCart.Testcases.OpenCart_RegestrationTest" tests="5" time="51.319" ignored="0" failures="0" timestamp="12 Feb 2018 12:50:21 GMT" skipped="0" hostname="D-113063535" errors="0">
  <testcase name="addToWishList" time="11.364" classname="Com.OpenCart.Testcases.OpenCart_RegestrationTest"/>
  <testcase name="reviewProd" time="21.996" classname="Com.OpenCart.Testcases.OpenCart_RegestrationTest"/>
  <testcase name="openApp" time="2.791" classname="Com.OpenCart.Testcases.OpenCart_RegestrationTest"/>
  <testcase name="reviewProd" time="9.687" classname="Com.OpenCart.Testcases.OpenCart_RegestrationTest"/>
  <testcase name="registration" time="5.481" classname="Com.OpenCart.Testcases.OpenCart_RegestrationTest"/>
</testsuite> <!-- Com.OpenCart.Testcases.OpenCart_RegestrationTest -->
